Launching lib\main.dart on sdk gphone64 x86 64 in debug mode...
Running Gradle task 'assembleDebug'...                          

D:\projects\Haul-Ecommerce-Marketplace\app\android>if "Windows_NT" == "Windows_NT" setlocal

D:\projects\Haul-Ecommerce-Marketplace\app\android>set DEFAULT_JVM_OPTS= 

D:\projects\Haul-Ecommerce-Marketplace\app\android>set DIRNAME=D:\projects\Haul-Ecommerce-Marketplace\app\android\ 

D:\projects\Haul-Ecommerce-Marketplace\app\android>if "D:\projects\Haul-Ecommerce-Marketplace\app\android\" == "" set DIRNAME=. 

D:\projects\Haul-Ecommerce-Marketplace\app\android>set APP_BASE_NAME=gradlew 

D:\projects\Haul-Ecommerce-Marketplace\app\android>set APP_HOME=D:\projects\Haul-Ecommerce-Marketplace\app\android\ 

D:\projects\Haul-Ecommerce-Marketplace\app\android>if defined JAVA_HOME goto findJavaFromJavaHome 

D:\projects\Haul-Ecommerce-Marketplace\app\android>set JAVA_HOME=C:\Program Files\Android\Android Studio\jbr 

D:\projects\Haul-Ecommerce-Marketplace\app\android>set JAVA_EXE=C:\Program Files\Android\Android Studio\jbr/bin/java.exe 

D:\projects\Haul-Ecommerce-Marketplace\app\android>if exist "C:\Program Files\Android\Android Studio\jbr/bin/java.exe" goto init 

D:\projects\Haul-Ecommerce-Marketplace\app\android>if not "Windows_NT" == "Windows_NT" goto win9xME_args 

D:\projects\Haul-Ecommerce-Marketplace\app\android>if "@eval[2+2]" == "4" goto 4NT_args 

D:\projects\Haul-Ecommerce-Marketplace\app\android>set CMD_LINE_ARGS= 

D:\projects\Haul-Ecommerce-Marketplace\app\android>set _SKIP=2 

D:\projects\Haul-Ecommerce-Marketplace\app\android>if "x-q" == "x" goto execute 

D:\projects\Haul-Ecommerce-Marketplace\app\android>set CMD_LINE_ARGS=-q -Ptarget-platform=android-x64 -Ptarget=D:\projects\Haul-Ecommerce-Marketplace\app\lib\main.dart -Pbase-application-name=android.app.Application -Pdart-defines=RkxVVFRFUl9WRVJTSU9OPTMuNDQuMg==,RkxVVFRFUl9DSEFOTkVMPXN0YWJsZQ==,RkxVVFRFUl9HSVRfVVJMPWh0dHBzOi8vZ2l0aHViLmNvbS9mbHV0dGVyL2ZsdXR0ZXIuZ2l0,RkxVVFRFUl9GUkFNRVdPUktfUkVWSVNJT049YzlhNmM0ODQyMw==,RkxVVFRFUl9FTkdJTkVfUkVWSVNJT049NzdlMmU5NDc3Mg==,RkxVVFRFUl9EQVJUX1ZFUlNJT049My4xMi4y -Pdart-obfuscation=false -Ptrack-widget-creation=true -Ptree-shake-icons=false -Pfilesystem-scheme=org-dartlang-root assembleDebug 

D:\projects\Haul-Ecommerce-Marketplace\app\android>goto execute 

D:\projects\Haul-Ecommerce-Marketplace\app\android>set CLASSPATH=D:\projects\Haul-Ecommerce-Marketplace\app\android\\gradle\wrapper\gradle-wrapper.jar 

D:\projects\Haul-Ecommerce-Marketplace\app\android>"C:\Program Files\Android\Android Studio\jbr/bin/java.exe"    "-Dorg.gradle.appname=gradlew" -classpath "D:\projects\Haul-Ecommerce-Marketplace\app\android\\gradle\wrapper\gradle-wrapper.jar" org.gradle.wrapper.GradleWrapperMain -q -Ptarget-platform=android-x64 -Ptarget=D:\projects\Haul-Ecommerce-Marketplace\app\lib\main.dart -Pbase-application-name=android.app.Application -Pdart-defines=RkxVVFRFUl9WRVJTSU9OPTMuNDQuMg==,RkxVVFRFUl9DSEFOTkVMPXN0YWJsZQ==,RkxVVFRFUl9HSVRfVVJMPWh0dHBzOi8vZ2l0aHViLmNvbS9mbHV0dGVyL2ZsdXR0ZXIuZ2l0,RkxVVFRFUl9GUkFNRVdPUktfUkVWSVNJT049YzlhNmM0ODQyMw==,RkxVVFRFUl9FTkdJTkVfUkVWSVNJT049NzdlMmU5NDc3Mg==,RkxVVFRFUl9EQVJUX1ZFUlNJT049My4xMi4y -Pdart-obfuscation=false -Ptrack-widget-creation=true -Ptree-shake-icons=false -Pfilesystem-scheme=org-dartlang-root assembleDebug 

D:\projects\Haul-Ecommerce-Marketplace\app\android>if "0" == "0" goto mainEnd 

D:\projects\Haul-Ecommerce-Marketplace\app\android>if "Windows_NT" == "Windows_NT" endlocal
Running Gradle task 'assembleDebug'...                            146.1s
√ Built build\app\outputs\flutter-apk\app-debug.apk
Installing build\app\outputs\flutter-apk\app-debug.apk...         105.3s
I/FlutterActivityAndFragmentDelegate(17360): If you are attempting to set --enable-dart-profiling via Intent extras to launch a Flutter component outside of using the Flutter CLI, note that support for setting engine flags on Android via Intent will soon be dropped; see https://github.com/flutter/flutter/issues/180686 for more information on this breaking change. To migrate, set --enable-dart-profiling or any other flags specified via Intent extras on the command line instead or see https://github.com/flutter/flutter/blob/main/docs/engine/Flutter-Android-Engine-Flags.md for alternative methods.
D/FlutterJNI(17360): Beginning load of flutter...
D/FlutterJNI(17360): flutter (null) was loaded normally!
I/flutter (17360): [IMPORTANT:flutter/shell/platform/android/android_context_gl_impeller.cc(104)] Using the Impeller rendering backend (OpenGLES).
D/CompatibilityChangeReporter(17360): Compat change id reported: 193247900; UID 10175; state: ENABLED
W/haul.b1.v1(17360): Accessing hidden method Landroid/view/accessibility/AccessibilityNodeInfo;->getSourceNodeId()J (unsupported,test-api, reflection, allowed)
W/haul.b1.v1(17360): Accessing hidden method Landroid/view/accessibility/AccessibilityRecord;->getSourceNodeId()J (unsupported, reflection, allowed)
W/haul.b1.v1(17360): Accessing hidden field Landroid/view/accessibility/AccessibilityNodeInfo;->mChildNodeIds:Landroid/util/LongArray; (unsupported, reflection, allowed)
W/haul.b1.v1(17360): Accessing hidden method Landroid/util/LongArray;->get(I)J (unsupported, reflection, allowed)
D/FlutterRenderer(17360): Width is zero. 0,0
D/CompatibilityChangeReporter(17360): Compat change id reported: 237531167; UID 10175; state: DISABLED
W/Parcel  (17360): Expecting binder but got null!
I/Choreographer(17360): Skipped 1914 frames!  The application may be doing too much work on its main thread.
Syncing files to device sdk gphone64 x86 64...                  
D/FlutterRenderer(17360): Width is zero. 0,0
D/HostConnection(17360): HostComposition ext ANDROID_EMU_CHECKSUM_HELPER_v1 ANDROID_EMU_native_sync_v2 ANDROID_EMU_native_sync_v3 ANDROID_EMU_native_sync_v4 ANDROID_EMU_dma_v1 ANDROID_EMU_direct_mem ANDROID_EMU_host_composition_v1 ANDROID_EMU_host_composition_v2 ANDROID_EMU_vulkan ANDROID_EMU_deferred_vulkan_commands ANDROID_EMU_vulkan_null_optional_strings ANDROID_EMU_vulkan_create_resources_with_requirements ANDROID_EMU_YUV_Cache ANDROID_EMU_vulkan_ignored_handles ANDROID_EMU_has_shared_slots_host_memory_allocator ANDROID_EMU_vulkan_free_memory_sync ANDROID_EMU_vulkan_shader_float16_int8 ANDROID_EMU_vulkan_async_queue_submit ANDROID_EMU_vulkan_queue_submit_with_commands ANDROID_EMU_sync_buffer_data ANDROID_EMU_vulkan_async_qsri ANDROID_EMU_read_color_buffer_dma ANDROID_EMU_hwc_color_transform GL_OES_EGL_image_external_essl3 GL_OES_vertex_array_object GL_KHR_texture_compression_astc_ldr ANDROID_EMU_host_side_tracing ANDROID_EMU_gles_max_version_3_1 
W/OpenGLRenderer(17360): Failed to choose config with EGL_SWAP_BEHAVIOR_PRESERVED, retrying without...
W/OpenGLRenderer(17360): Failed to initialize 101010-2 format, error = EGL_SUCCESS
D/FlutterJNI(17360): Sending viewport metrics to the engine.
D/EGL_emulation(17360): eglCreateContext: 0x72f5dfa0dbd0: maj 3 min 1 rcv 4
D/EGL_emulation(17360): eglMakeCurrent: 0x72f5dfa0dbd0: ver 3 1 (tinfo 0x72f7fc154180) (first time)
I/Gralloc4(17360): mapper 4.x is not supported
W/Gralloc4(17360): allocator 4.x is not supported
D/HostConnection(17360): HostComposition ext ANDROID_EMU_CHECKSUM_HELPER_v1 ANDROID_EMU_native_sync_v2 ANDROID_EMU_native_sync_v3 ANDROID_EMU_native_sync_v4 ANDROID_EMU_dma_v1 ANDROID_EMU_direct_mem ANDROID_EMU_host_composition_v1 ANDROID_EMU_host_composition_v2 ANDROID_EMU_vulkan ANDROID_EMU_deferred_vulkan_commands ANDROID_EMU_vulkan_null_optional_strings ANDROID_EMU_vulkan_create_resources_with_requirements ANDROID_EMU_YUV_Cache ANDROID_EMU_vulkan_ignored_handles ANDROID_EMU_has_shared_slots_host_memory_allocator ANDROID_EMU_vulkan_free_memory_sync ANDROID_EMU_vulkan_shader_float16_int8 ANDROID_EMU_vulkan_async_queue_submit ANDROID_EMU_vulkan_queue_submit_with_commands ANDROID_EMU_sync_buffer_data ANDROID_EMU_vulkan_async_qsri ANDROID_EMU_read_color_buffer_dma ANDROID_EMU_hwc_color_transform GL_OES_EGL_image_external_essl3 GL_OES_vertex_array_object GL_KHR_texture_compression_astc_ldr ANDROID_EMU_host_side_tracing ANDROID_EMU_gles_max_version_3_1 
E/OpenGLRenderer(17360): Unable to match the desired swap behavior.
I/Choreographer(17360): Skipped 195 frames!  The application may be doing too much work on its main thread.
D/FlutterJNI(17360): Sending viewport metrics to the engine.
I/haul.b1.v1(17360): Background young concurrent copying GC freed 20831(2038KB) AllocSpace objects, 8(224KB) LOS objects, 21% free, 5578KB/7098KB, paused 854us,1.267ms total 175.554ms
I/haul.b1.v1(17360): Compiler allocated 4355KB to compile void android.view.ViewRootImpl.performTraversals()
Syncing files to device sdk gphone64 x86 64...                      6.1s

Flutter run key commands.
r Hot reload. 
R Hot restart.
h List all available interactive commands.
d Detach (terminate "flutter run" but leave application running).
c Clear the screen
q Quit (terminate the application on the device).

A Dart VM Service on sdk gphone64 x86 64 is available at: http://127.0.0.1:59547/4HtUggKpa6Q=/
The Flutter DevTools debugger and profiler on sdk gphone64 x86 64 is available at: http://127.0.0.1:59547/4HtUggKpa6Q=/devtools/?uri=ws://127.0.0.1:59547/4HtUggKpa6Q=/ws
I/Choreographer(17360): Skipped 349 frames!  The application may be doing too much work on its main thread.
D/ProfileInstaller(17360): Installing profile for haul.b1.v1
I/Choreographer(17360): Skipped 60 frames!  The application may be doing too much work on its main thread.
D/FlutterJNI(17360): Sending viewport metrics to the engine.
W/haul.b1.v1(17360): Suspending all threads took: 75.755ms
I/haul.b1.v1(17360): Background young concurrent copying GC freed 22632(1077KB) AllocSpace objects, 8(256KB) LOS objects, 22% free, 5497KB/7098KB, paused 11.928ms,79.018ms total 376.608ms
W/haul.b1.v1(17360): Verification of com.google.firebase.firestore.RealtimePipeline com.google.firebase.firestore.remote.RemoteSerializer.decodePipelineQueryTarget(com.google.firestore.v1.Target$PipelineQueryTarget) took 141.956ms (711.49 bytecodes/s) (3928B approximate peak alloc)
W/System  (17360): Ignoring header X-Firebase-Locale because its value was null.
W/haul.b1.v1(17360): Verification of com.google.firebase.firestore.remote.WatchChange com.google.firebase.firestore.remote.RemoteSerializer.decodeWatchChange(com.google.firestore.v1.ListenResponse) took 205.478ms (1440.54 bytecodes/s) (9352B approximate peak alloc)
D/EGL_emulation(17360): app_time_stats: avg=570.66ms min=230.46ms max=781.76ms count=3
W/DynamiteModule(17360): Local module descriptor class for com.google.android.gms.providerinstaller.dynamite not found.
D/TrafficStats(17360): tagSocket(137) with statsTag=0xffffffff, statsUid=-1
I/DynamiteModule(17360): Considering local module com.google.android.gms.providerinstaller.dynamite:0 and remote module com.google.android.gms.providerinstaller.dynamite:0
W/ProviderInstaller(17360): Failed to load providerinstaller module: No acceptable module com.google.android.gms.providerinstaller.dynamite found. Local version is 0 and remote version is 0.
D/nativeloader(17360): Configuring classloader-namespace for other apk /system/framework/com.android.location.provider.jar. target_sdk_version=37, uses_libraries=ALL, library_path=/data/app/~~ZyznlSAT3VUrPY3UP5-VIQ==/com.google.android.gms-sHqJdl9Lg3vmy2W6BtG61A==/lib/x86_64:/data/app/~~ZyznlSAT3VUrPY3UP5-VIQ==/com.google.android.gms-sHqJdl9Lg3vmy2W6BtG61A==/base.apk!/lib/x86_64, permitted_path=/data:/mnt/expand:/data/user/0/com.google.android.gms
D/nativeloader(17360): Configuring classloader-namespace for other apk /system/framework/com.android.media.remotedisplay.jar. target_sdk_version=37, uses_libraries=ALL, library_path=/data/app/~~ZyznlSAT3VUrPY3UP5-VIQ==/com.google.android.gms-sHqJdl9Lg3vmy2W6BtG61A==/lib/x86_64:/data/app/~~ZyznlSAT3VUrPY3UP5-VIQ==/com.google.android.gms-sHqJdl9Lg3vmy2W6BtG61A==/base.apk!/lib/x86_64, permitted_path=/data:/mnt/expand:/data/user/0/com.google.android.gms
D/nativeloader(17360): Configuring classloader-namespace for other apk /data/app/~~ZyznlSAT3VUrPY3UP5-VIQ==/com.google.android.gms-sHqJdl9Lg3vmy2W6BtG61A==/base.apk. target_sdk_version=37, uses_libraries=, library_path=/data/app/~~ZyznlSAT3VUrPY3UP5-VIQ==/com.google.android.gms-sHqJdl9Lg3vmy2W6BtG61A==/lib/x86_64:/data/app/~~ZyznlSAT3VUrPY3UP5-VIQ==/com.google.android.gms-sHqJdl9Lg3vmy2W6BtG61A==/base.apk!/lib/x86_64, permitted_path=/data:/mnt/expand:/data/user/0/com.google.android.gms
I/gjom    (17360): Unable to retrieve flag snapshot for com.google.android.gms.providerinstaller#haul.b1.v1, using defaults.
I/haul.b1.v1(17360): WaitForGcToComplete blocked ClassLinker on None for 11.752ms
I/haul.b1.v1(17360): Waiting for a blocking GC ClassLinker
I/haul.b1.v1(17360): Background concurrent copying GC freed 10090(1046KB) AllocSpace objects, 1(20KB) LOS objects, 49% free, 5994KB/11MB, paused 16.634ms,120us total 304.363ms
I/haul.b1.v1(17360): WaitForGcToComplete blocked ClassLinker on Background for 256.619ms
E/GoogleApiManager(17360): Failed to get service from broker. 
E/GoogleApiManager(17360): java.lang.SecurityException: Unknown calling package name 'com.google.android.gms'.
E/GoogleApiManager(17360): 	at android.os.Parcel.createExceptionOrNull(Parcel.java:3011)
E/GoogleApiManager(17360): 	at android.os.Parcel.createException(Parcel.java:2995)
E/GoogleApiManager(17360): 	at android.os.Parcel.readException(Parcel.java:2978)
E/GoogleApiManager(17360): 	at android.os.Parcel.readException(Parcel.java:2920)
E/GoogleApiManager(17360): 	at bitq.a(:com.google.android.gms@262031032@26.20.31 (190800-919905943):36)
E/GoogleApiManager(17360): 	at birm.z(:com.google.android.gms@262031032@26.20.31 (190800-919905943):143)
E/GoogleApiManager(17360): 	at bhxp.run(:com.google.android.gms@262031032@26.20.31 (190800-919905943):42)
E/GoogleApiManager(17360): 	at android.os.Handler.handleCallback(Handler.java:942)
E/GoogleApiManager(17360): 	at android.os.Handler.dispatchMessage(Handler.java:99)
E/GoogleApiManager(17360): 	at cywu.mT(:com.google.android.gms@262031032@26.20.31 (190800-919905943):1)
E/GoogleApiManager(17360): 	at cywu.dispatchMessage(:com.google.android.gms@262031032@26.20.31 (190800-919905943):5)
E/GoogleApiManager(17360): 	at android.os.Looper.loopOnce(Looper.java:201)
E/GoogleApiManager(17360): 	at android.os.Looper.loop(Looper.java:288)
E/GoogleApiManager(17360): 	at android.os.HandlerThread.run(HandlerThread.java:67)
W/GoogleApiManager(17360): Not showing notification since connectionResult is not user-facing: ConnectionResult{statusCode=DEVELOPER_ERROR, resolution=null, message=null, clientMethodKey=null}
W/FlagRegistrar(17360): Failed to register com.google.android.gms.providerinstaller#haul.b1.v1
W/FlagRegistrar(17360): gjox: 17: 17: API: Phenotype.API is not available on this device. Connection failed with: ConnectionResult{statusCode=DEVELOPER_ERROR, resolution=null, message=null, clientMethodKey=null}
W/FlagRegistrar(17360): 	at gjoz.a(:com.google.android.gms@262031032@26.20.31 (190800-919905943):13)
W/FlagRegistrar(17360): 	at hjnh.d(:com.google.android.gms@262031032@26.20.31 (190800-919905943):3)
W/FlagRegistrar(17360): 	at hjnj.run(:com.google.android.gms@262031032@26.20.31 (190800-919905943):139)
W/FlagRegistrar(17360): 	at hjpr.execute(:com.google.android.gms@262031032@26.20.31 (190800-919905943):1)
W/FlagRegistrar(17360): 	at hjnr.f(:com.google.android.gms@262031032@26.20.31 (190800-919905943):1)
W/FlagRegistrar(17360): 	at hjnr.m(:com.google.android.gms@262031032@26.20.31 (190800-919905943):101)
W/FlagRegistrar(17360): 	at hjnr.q(:com.google.android.gms@262031032@26.20.31 (190800-919905943):16)
W/FlagRegistrar(17360): 	at gczu.hJ(:com.google.android.gms@262031032@26.20.31 (190800-919905943):35)
W/FlagRegistrar(17360): 	at fphd.run(:com.google.android.gms@262031032@26.20.31 (190800-919905943):12)
W/FlagRegistrar(17360): 	at hjpr.execute(:com.google.android.gms@262031032@26.20.31 (190800-919905943):1)
W/FlagRegistrar(17360): 	at fphe.b(:com.google.android.gms@262031032@26.20.31 (190800-919905943):18)
W/FlagRegistrar(17360): 	at fpht.b(:com.google.android.gms@262031032@26.20.31 (190800-919905943):34)
W/FlagRegistrar(17360): 	at fphv.d(:com.google.android.gms@262031032@26.20.31 (190800-919905943):22)
W/FlagRegistrar(17360): 	at bhuw.e(:com.google.android.gms@262031032@26.20.31 (190800-919905943):9)
W/FlagRegistrar(17360): 	at bhxn.q(:com.google.android.gms@262031032@26.20.31 (190800-919905943):48)
W/FlagRegistrar(17360): 	at bhxn.d(:com.google.android.gms@262031032@26.20.31 (190800-919905943):10)
W/FlagRegistrar(17360): 	at bhxn.g(:com.google.android.gms@262031032@26.20.31 (190800-919905943):191)
W/FlagRegistrar(17360): 	at bhxn.onConnectionFailed(:com.google.android.gms@262031032@26.20.31 (190800-919905943):2)
W/FlagRegistrar(17360): 	at bhxp.run(:com.google.android.gms@262031032@26.20.31 (190800-919905943):70)
W/FlagRegistrar(17360): 	at android.os.Handler.handleCallback(Handler.java:942)
W/FlagRegistrar(17360): 	at android.os.Handler.dispatchMessage(Handler.java:99)
W/FlagRegistrar(17360): 	at cywu.mT(:com.google.android.gms@262031032@26.20.31 (190800-919905943):1)
W/FlagRegistrar(17360): 	at cywu.dispatchMessage(:com.google.android.gms@262031032@26.20.31 (190800-919905943):5)
W/FlagRegistrar(17360): 	at android.os.Looper.loopOnce(Looper.java:201)
W/FlagRegistrar(17360): 	at android.os.Looper.loop(Looper.java:288)
W/FlagRegistrar(17360): 	at android.os.HandlerThread.run(HandlerThread.java:67)
W/FlagRegistrar(17360): Caused by: bhtb: 17: API: Phenotype.API is not available on this device. Connection failed with: ConnectionResult{statusCode=DEVELOPER_ERROR, resolution=null, message=null, clientMethodKey=null}
W/FlagRegistrar(17360): 	at biqy.a(:com.google.android.gms@262031032@26.20.31 (190800-919905943):15)
W/FlagRegistrar(17360): 	at bhuz.a(:com.google.android.gms@262031032@26.20.31 (190800-919905943):1)
W/FlagRegistrar(17360): 	at bhuw.e(:com.google.android.gms@262031032@26.20.31 (190800-919905943):5)
W/FlagRegistrar(17360): 	... 12 more
E/GoogleApiManager(17360): Failed to get service from broker. 
E/GoogleApiManager(17360): java.lang.SecurityException: Unknown calling package name 'com.google.android.gms'.
E/GoogleApiManager(17360): 	at android.os.Parcel.createExceptionOrNull(Parcel.java:3011)
E/GoogleApiManager(17360): 	at android.os.Parcel.createException(Parcel.java:2995)
E/GoogleApiManager(17360): 	at android.os.Parcel.readException(Parcel.java:2978)
E/GoogleApiManager(17360): 	at android.os.Parcel.readException(Parcel.java:2920)
E/GoogleApiManager(17360): 	at bitq.a(:com.google.android.gms@262031032@26.20.31 (190800-919905943):36)
E/GoogleApiManager(17360): 	at birm.z(:com.google.android.gms@262031032@26.20.31 (190800-919905943):143)
E/GoogleApiManager(17360): 	at bhxp.run(:com.google.android.gms@262031032@26.20.31 (190800-919905943):42)
E/GoogleApiManager(17360): 	at android.os.Handler.handleCallback(Handler.java:942)
E/GoogleApiManager(17360): 	at android.os.Handler.dispatchMessage(Handler.java:99)
E/GoogleApiManager(17360): 	at cywu.mT(:com.google.android.gms@262031032@26.20.31 (190800-919905943):1)
E/GoogleApiManager(17360): 	at cywu.dispatchMessage(:com.google.android.gms@262031032@26.20.31 (190800-919905943):5)
E/GoogleApiManager(17360): 	at android.os.Looper.loopOnce(Looper.java:201)
E/GoogleApiManager(17360): 	at android.os.Looper.loop(Looper.java:288)
E/GoogleApiManager(17360): 	at android.os.HandlerThread.run(HandlerThread.java:67)
W/GoogleApiManager(17360): Not showing notification since connectionResult is not user-facing: ConnectionResult{statusCode=DEVELOPER_ERROR, resolution=null, message=null, clientMethodKey=null}
V/NativeCrypto(17360): Registering com/google/android/gms/org/conscrypt/NativeCrypto's 337 native methods...
W/FlagStore(17360): Unable to update local snapshot for com.google.android.gms.providerinstaller#haul.b1.v1, may result in stale flags.
W/FlagStore(17360): java.util.concurrent.ExecutionException: gjox: 17: 17: API: Phenotype.API is not available on this device. Connection failed with: ConnectionResult{statusCode=DEVELOPER_ERROR, resolution=null, message=null, clientMethodKey=null}
W/FlagStore(17360): 	at hjnr.j(:com.google.android.gms@262031032@26.20.31 (190800-919905943):21)
W/FlagStore(17360): 	at hjoa.t(:com.google.android.gms@262031032@26.20.31 (190800-919905943):24)
W/FlagStore(17360): 	at hjnr.get(:com.google.android.gms@262031032@26.20.31 (190800-919905943):1)
W/FlagStore(17360): 	at hjsg.a(:com.google.android.gms@262031032@26.20.31 (190800-919905943):2)
W/FlagStore(17360): 	at hjqw.s(:com.google.android.gms@262031032@26.20.31 (190800-919905943):10)
W/FlagStore(17360): 	at gjui.d(:com.google.android.gms@262031032@26.20.31 (190800-919905943):1)
W/FlagStore(17360): 	at gjtm.run(:com.google.android.gms@262031032@26.20.31 (190800-919905943):5)
W/FlagStore(17360): 	at java.util.concurrent.Executors$RunnableAdapter.call(Executors.java:463)
W/FlagStore(17360): 	at java.util.concurrent.FutureTask.run(FutureTask.java:264)
W/FlagStore(17360): 	at java.util.concurrent.ScheduledThreadPoolExecutor$ScheduledFutureTask.run(ScheduledThreadPoolExecutor.java:307)
W/FlagStore(17360): 	at java.util.concurrent.ThreadPoolExecutor.runWorker(ThreadPoolExecutor.java:1137)
W/FlagStore(17360): 	at java.util.concurrent.ThreadPoolExecutor$Worker.run(ThreadPoolExecutor.java:637)
W/FlagStore(17360): 	at java.lang.Thread.run(Thread.java:1012)
W/FlagStore(17360): Caused by: gjox: 17: 17: API: Phenotype.API is not available on this device. Connection failed with: ConnectionResult{statusCode=DEVELOPER_ERROR, resolution=null, message=null, clientMethodKey=null}
W/FlagStore(17360): 	at gjoz.a(:com.google.android.gms@262031032@26.20.31 (190800-919905943):13)
W/FlagStore(17360): 	at hjnh.d(:com.google.android.gms@262031032@26.20.31 (190800-919905943):3)
W/FlagStore(17360): 	at hjnj.run(:com.google.android.gms@262031032@26.20.31 (190800-919905943):139)
W/FlagStore(17360): 	at hjpr.execute(:com.google.android.gms@262031032@26.20.31 (190800-919905943):1)
W/FlagStore(17360): 	at hjnr.f(:com.google.android.gms@262031032@26.20.31 (190800-919905943):1)
W/FlagStore(17360): 	at hjnr.m(:com.google.android.gms@262031032@26.20.31 (190800-919905943):101)
W/FlagStore(17360): 	at hjnr.q(:com.google.android.gms@262031032@26.20.31 (190800-919905943):16)
W/FlagStore(17360): 	at gczu.hJ(:com.google.android.gms@262031032@26.20.31 (190800-919905943):35)
W/FlagStore(17360): 	at fphd.run(:com.google.android.gms@262031032@26.20.31 (190800-919905943):12)
W/FlagStore(17360): 	at hjpr.execute(:com.google.android.gms@262031032@26.20.31 (190800-919905943):1)
W/FlagStore(17360): 	at fphe.b(:com.google.android.gms@262031032@26.20.31 (190800-919905943):18)
W/FlagStore(17360): 	at fpht.b(:com.google.android.gms@262031032@26.20.31 (190800-919905943):34)
W/FlagStore(17360): 	at fpia.B(:com.google.android.gms@262031032@26.20.31 (190800-919905943):17)
W/FlagStore(17360): 	at fpgv.run(:com.google.android.gms@262031032@26.20.31 (190800-919905943):60)
W/FlagStore(17360): 	at hjpr.execute(:com.google.android.gms@262031032@26.20.31 (190800-919905943):1)
W/FlagStore(17360): 	at fpgw.b(:com.google.android.gms@262031032@26.20.31 (190800-919905943):8)
W/FlagStore(17360): 	at fpht.b(:com.google.android.gms@262031032@26.20.31 (190800-919905943):34)
W/FlagStore(17360): 	at fphv.d(:com.google.android.gms@262031032@26.20.31 (190800-919905943):22)
W/FlagStore(17360): 	at bhuw.e(:com.google.android.gms@262031032@26.20.31 (190800-919905943):9)
W/FlagStore(17360): 	at bhxn.q(:com.google.android.gms@262031032@26.20.31 (190800-919905943):48)
W/FlagStore(17360): 	at bhxn.d(:com.google.android.gms@262031032@26.20.31 (190800-919905943):10)
W/FlagStore(17360): 	at bhxn.g(:com.google.android.gms@262031032@26.20.31 (190800-919905943):191)
W/FlagStore(17360): 	at bhxn.onConnectionFailed(:com.google.android.gms@262031032@26.20.31 (190800-919905943):2)
W/FlagStore(17360): 	at bhxp.run(:com.google.android.gms@262031032@26.20.31 (190800-919905943):70)
W/FlagStore(17360): 	at android.os.Handler.handleCallback(Handler.java:942)
W/FlagStore(17360): 	at android.os.Handler.dispatchMessage(Handler.java:99)
W/FlagStore(17360): 	at cywu.mT(:com.google.android.gms@262031032@26.20.31 (190800-919905943):1)
W/FlagStore(17360): 	at cywu.dispatchMessage(:com.google.android.gms@262031032@26.20.31 (190800-919905943):5)
W/FlagStore(17360): 	at android.os.Looper.loopOnce(Looper.java:201)
W/FlagStore(17360): 	at android.os.Looper.loop(Looper.java:288)
W/FlagStore(17360): 	at android.os.HandlerThread.run(HandlerThread.java:67)
W/FlagStore(17360): Caused by: bhtb: 17: API: Phenotype.API is not available on this device. Connection failed with: ConnectionResult{statusCode=DEVELOPER_ERROR, resolution=null, message=null, clientMethodKey=null}
W/FlagStore(17360): 	at biqy.a(:com.google.android.gms@262031032@26.20.31 (190800-919905943):15)
W/FlagStore(17360): 	at bhuz.a(:com.google.android.gms@262031032@26.20.31 (190800-919905943):1)
W/FlagStore(17360): 	at bhuw.e(:com.google.android.gms@262031032@26.20.31 (190800-919905943):5)
W/FlagStore(17360): 	... 12 more
W/haul.b1.v1(17360): Accessing hidden method Ljava/security/spec/ECParameterSpec;->getCurveName()Ljava/lang/String; (unsupported, reflection, allowed)
I/ProviderInstaller(17360): Installed default security provider GmsCore_OpenSSL
D/FirebaseAuth(17360): Notifying id token listeners about user ( RZhDdDVYeNfHXW3Jt9auBm0R7Xk1 ).
D/TrafficStats(17360): tagSocket(157) with statsTag=0xffffffff, statsUid=-1
W/haul.b1.v1(17360): Accessing hidden field Ljava/net/Socket;->impl:Ljava/net/SocketImpl; (unsupported, reflection, allowed)
W/haul.b1.v1(17360): Accessing hidden method Ljava/security/spec/ECParameterSpec;->setCurveName(Ljava/lang/String;)V (unsupported, reflection, allowed)
D/EGL_emulation(17360): app_time_stats: avg=9313.53ms min=9313.53ms max=9313.53ms count=1
D/EGL_emulation(17360): app_time_stats: avg=1207.35ms min=1207.35ms max=1207.35ms count=1
W/OnBackInvokedCallback(17360): OnBackInvokedCallback is not enabled for the application.
W/OnBackInvokedCallback(17360): Set 'android:enableOnBackInvokedCallback="true"' in the application manifest.
D/EGL_emulation(17360): app_time_stats: avg=171.94ms min=46.22ms max=685.58ms count=6
E/GoogleApiManager(17360): Failed to get service from broker. 
E/GoogleApiManager(17360): java.lang.SecurityException: Unknown calling package name 'com.google.android.gms'.
E/GoogleApiManager(17360): 	at android.os.Parcel.createExceptionOrNull(Parcel.java:3011)
E/GoogleApiManager(17360): 	at android.os.Parcel.createException(Parcel.java:2995)
E/GoogleApiManager(17360): 	at android.os.Parcel.readException(Parcel.java:2978)
E/GoogleApiManager(17360): 	at android.os.Parcel.readException(Parcel.java:2920)
E/GoogleApiManager(17360): 	at bitq.a(:com.google.android.gms@262031032@26.20.31 (190800-919905943):36)
E/GoogleApiManager(17360): 	at birm.z(:com.google.android.gms@262031032@26.20.31 (190800-919905943):143)
E/GoogleApiManager(17360): 	at bhxp.run(:com.google.android.gms@262031032@26.20.31 (190800-919905943):42)
E/GoogleApiManager(17360): 	at android.os.Handler.handleCallback(Handler.java:942)
E/GoogleApiManager(17360): 	at android.os.Handler.dispatchMessage(Handler.java:99)
E/GoogleApiManager(17360): 	at cywu.mT(:com.google.android.gms@262031032@26.20.31 (190800-919905943):1)
E/GoogleApiManager(17360): 	at cywu.dispatchMessage(:com.google.android.gms@262031032@26.20.31 (190800-919905943):5)
E/GoogleApiManager(17360): 	at android.os.Looper.loopOnce(Looper.java:201)
E/GoogleApiManager(17360): 	at android.os.Looper.loop(Looper.java:288)
E/GoogleApiManager(17360): 	at android.os.HandlerThread.run(HandlerThread.java:67)
W/GoogleApiManager(17360): Not showing notification since connectionResult is not user-facing: ConnectionResult{statusCode=DEVELOPER_ERROR, resolution=null, message=null, clientMethodKey=null}
D/EGL_emulation(17360): app_time_stats: avg=174.08ms min=21.10ms max=739.16ms count=9
D/EGL_emulation(17360): app_time_stats: avg=64.89ms min=14.19ms max=213.52ms count=16
D/EGL_emulation(17360): app_time_stats: avg=54.76ms min=27.56ms max=146.30ms count=18
D/EGL_emulation(17360): app_time_stats: avg=139.20ms min=24.00ms max=1306.02ms count=15
D/EGL_emulation(17360): app_time_stats: avg=3986.01ms min=3986.01ms max=3986.01ms count=1
D/EGL_emulation(17360): app_time_stats: avg=81.93ms min=36.39ms max=210.43ms count=12
D/EGL_emulation(17360): app_time_stats: avg=62.72ms min=10.03ms max=143.01ms count=14
D/EGL_emulation(17360): app_time_stats: avg=78.24ms min=11.64ms max=357.32ms count=13
I/Choreographer(17360): Skipped 92 frames!  The application may be doing too much work on its main thread.
D/EGL_emulation(17360): app_time_stats: avg=367.90ms min=42.28ms max=1900.64ms count=6
D/EGL_emulation(17360): app_time_stats: avg=317.07ms min=200.13ms max=626.85ms count=4
D/EGL_emulation(17360): app_time_stats: avg=617.78ms min=34.22ms max=1485.27ms count=3
D/EGL_emulation(17360): app_time_stats: avg=1948.61ms min=1948.61ms max=1948.61ms count=1
I/Choreographer(17360): Skipped 124 frames!  The application may be doing too much work on its main thread.
D/EGL_emulation(17360): app_time_stats: avg=16356.81ms min=53.44ms max=32660.18ms count=2
D/EGL_emulation(17360): app_time_stats: avg=171.73ms min=42.30ms max=632.61ms count=6
D/EGL_emulation(17360): app_time_stats: avg=73.88ms min=22.83ms max=208.11ms count=14
D/EGL_emulation(17360): app_time_stats: avg=58.66ms min=11.67ms max=120.67ms count=17
D/EGL_emulation(17360): app_time_stats: avg=57.38ms min=24.13ms max=238.41ms count=18
D/EGL_emulation(17360): app_time_stats: avg=416.62ms min=92.51ms max=854.51ms count=4
D/EGL_emulation(17360): app_time_stats: avg=198.46ms min=33.19ms max=529.15ms count=7
D/EGL_emulation(17360): app_time_stats: avg=158.46ms min=15.75ms max=893.20ms count=11
D/EGL_emulation(17360): app_time_stats: avg=79.50ms min=29.69ms max=302.43ms count=8
D/EGL_emulation(17360): app_time_stats: avg=61.60ms min=15.33ms max=314.69ms count=15
D/EGL_emulation(17360): app_time_stats: avg=48.62ms min=22.20ms max=112.74ms count=20
D/EGL_emulation(17360): app_time_stats: avg=48.52ms min=18.72ms max=97.60ms count=21
D/EGL_emulation(17360): app_time_stats: avg=96.65ms min=32.98ms max=196.28ms count=11
D/EGL_emulation(17360): app_time_stats: avg=115.66ms min=34.84ms max=220.77ms count=9
D/EGL_emulation(17360): app_time_stats: avg=90.72ms min=20.65ms max=194.57ms count=11
D/EGL_emulation(17360): app_time_stats: avg=38.84ms min=16.02ms max=84.39ms count=24
D/EGL_emulation(17360): app_time_stats: avg=47.21ms min=21.05ms max=80.81ms count=21
D/EGL_emulation(17360): app_time_stats: avg=35.57ms min=15.89ms max=56.75ms count=28
D/EGL_emulation(17360): app_time_stats: avg=50.55ms min=16.17ms max=202.51ms count=23
D/EGL_emulation(17360): app_time_stats: avg=40.16ms min=16.24ms max=137.21ms count=24
D/EGL_emulation(17360): app_time_stats: avg=35.27ms min=14.15ms max=65.19ms count=28
D/EGL_emulation(17360): app_time_stats: avg=29.97ms min=9.91ms max=64.89ms count=31
D/EGL_emulation(17360): app_time_stats: avg=37.87ms min=11.76ms max=97.81ms count=26
D/EGL_emulation(17360): app_time_stats: avg=55.94ms min=12.45ms max=140.24ms count=18
D/EGL_emulation(17360): app_time_stats: avg=45.06ms min=19.54ms max=105.79ms count=22
D/EGL_emulation(17360): app_time_stats: avg=76.37ms min=34.13ms max=181.73ms count=13
D/EGL_emulation(17360): app_time_stats: avg=55.73ms min=16.73ms max=165.01ms count=19
D/EGL_emulation(17360): app_time_stats: avg=63.51ms min=20.33ms max=237.23ms count=16
D/EGL_emulation(17360): app_time_stats: avg=49.63ms min=15.77ms max=155.51ms count=19
D/EGL_emulation(17360): app_time_stats: avg=44.31ms min=17.60ms max=90.45ms count=23
D/EGL_emulation(17360): app_time_stats: avg=28.09ms min=13.14ms max=51.03ms count=31
D/EGL_emulation(17360): app_time_stats: avg=27.22ms min=12.14ms max=57.16ms count=34
D/EGL_emulation(17360): app_time_stats: avg=111.79ms min=16.79ms max=438.00ms count=9
D/EGL_emulation(17360): app_time_stats: avg=40.31ms min=15.30ms max=112.82ms count=23
D/EGL_emulation(17360): app_time_stats: avg=25.70ms min=7.66ms max=51.96ms count=34
D/EGL_emulation(17360): app_time_stats: avg=20.18ms min=8.83ms max=40.27ms count=41
D/EGL_emulation(17360): app_time_stats: avg=21.89ms min=7.99ms max=40.22ms count=39
D/EGL_emulation(17360): app_time_stats: avg=39.95ms min=10.65ms max=110.28ms count=25
D/EGL_emulation(17360): app_time_stats: avg=37.45ms min=12.47ms max=141.02ms count=26
D/EGL_emulation(17360): app_time_stats: avg=27.94ms min=6.34ms max=74.29ms count=27
D/EGL_emulation(17360): app_time_stats: avg=47.17ms min=5.94ms max=140.68ms count=4
D/EGL_emulation(17360): app_time_stats: avg=1199.26ms min=10.67ms max=2387.86ms count=2
D/EGL_emulation(17360): app_time_stats: avg=43.12ms min=5.90ms max=103.76ms count=23
D/EGL_emulation(17360): app_time_stats: avg=24.50ms min=6.44ms max=56.77ms count=35
D/EGL_emulation(17360): app_time_stats: avg=27.23ms min=8.78ms max=176.48ms count=32
D/EGL_emulation(17360): app_time_stats: avg=33.77ms min=11.26ms max=121.65ms count=28
D/EGL_emulation(17360): app_time_stats: avg=39.01ms min=10.78ms max=99.62ms count=26
D/EGL_emulation(17360): app_time_stats: avg=43.54ms min=19.03ms max=88.52ms count=23
D/EGL_emulation(17360): app_time_stats: avg=50.62ms min=6.53ms max=142.62ms count=19
D/EGL_emulation(17360): app_time_stats: avg=53.04ms min=24.55ms max=116.78ms count=19
D/EGL_emulation(17360): app_time_stats: avg=48.93ms min=15.37ms max=280.87ms count=20
D/EGL_emulation(17360): app_time_stats: avg=36.99ms min=10.21ms max=58.74ms count=23
D/EGL_emulation(17360): app_time_stats: avg=38.90ms min=13.94ms max=71.50ms count=25
D/EGL_emulation(17360): app_time_stats: avg=24.30ms min=11.83ms max=68.82ms count=36
D/EGL_emulation(17360): app_time_stats: avg=25.43ms min=9.21ms max=56.50ms count=33
D/EGL_emulation(17360): app_time_stats: avg=34.46ms min=9.86ms max=99.96ms count=28
D/EGL_emulation(17360): app_time_stats: avg=17.32ms min=9.41ms max=39.21ms count=47
D/EGL_emulation(17360): app_time_stats: avg=20.81ms min=7.23ms max=59.05ms count=38
D/EGL_emulation(17360): app_time_stats: avg=56.83ms min=9.71ms max=138.27ms count=17
D/EGL_emulation(17360): app_time_stats: avg=26.70ms min=9.05ms max=80.58ms count=32
D/EGL_emulation(17360): app_time_stats: avg=23.15ms min=8.52ms max=129.09ms count=31
D/EGL_emulation(17360): app_time_stats: avg=20.74ms min=7.96ms max=52.76ms count=38
D/EGL_emulation(17360): app_time_stats: avg=16.97ms min=8.92ms max=56.71ms count=45
D/EGL_emulation(17360): app_time_stats: avg=19.67ms min=6.85ms max=49.74ms count=41
D/EGL_emulation(17360): app_time_stats: avg=19.35ms min=8.98ms max=38.97ms count=43
D/EGL_emulation(17360): app_time_stats: avg=19.94ms min=10.72ms max=43.65ms count=43
D/EGL_emulation(17360): app_time_stats: avg=27.32ms min=10.83ms max=75.32ms count=32
D/EGL_emulation(17360): app_time_stats: avg=33.89ms min=9.96ms max=133.96ms count=28
D/EGL_emulation(17360): app_time_stats: avg=23.98ms min=9.28ms max=52.06ms count=38
D/EGL_emulation(17360): app_time_stats: avg=26.79ms min=9.44ms max=57.52ms count=33
D/EGL_emulation(17360): app_time_stats: avg=50.38ms min=10.70ms max=740.38ms count=27
D/EGL_emulation(17360): app_time_stats: avg=20.39ms min=8.99ms max=51.15ms count=41
D/EGL_emulation(17360): app_time_stats: avg=17.84ms min=7.14ms max=47.01ms count=43
D/EGL_emulation(17360): app_time_stats: avg=19.26ms min=8.54ms max=45.93ms count=44
D/EGL_emulation(17360): app_time_stats: avg=15.50ms min=8.05ms max=59.89ms count=45
D/EGL_emulation(17360): app_time_stats: avg=24.62ms min=9.67ms max=48.65ms count=38
D/EGL_emulation(17360): app_time_stats: avg=28.07ms min=6.93ms max=203.96ms count=29
D/EGL_emulation(17360): app_time_stats: avg=19.35ms min=7.43ms max=42.60ms count=43
D/EGL_emulation(17360): app_time_stats: avg=22.20ms min=9.92ms max=50.79ms count=38
D/EGL_emulation(17360): app_time_stats: avg=15.92ms min=6.85ms max=36.08ms count=47
D/EGL_emulation(17360): app_time_stats: avg=18.92ms min=8.88ms max=55.99ms count=44
D/EGL_emulation(17360): app_time_stats: avg=20.18ms min=8.64ms max=38.71ms count=42
D/EGL_emulation(17360): app_time_stats: avg=29.76ms min=12.46ms max=56.42ms count=32
D/EGL_emulation(17360): app_time_stats: avg=25.02ms min=11.30ms max=55.10ms count=36
D/EGL_emulation(17360): app_time_stats: avg=16.94ms min=7.64ms max=38.45ms count=48
D/EGL_emulation(17360): app_time_stats: avg=15.98ms min=6.16ms max=33.79ms count=42
D/EGL_emulation(17360): app_time_stats: avg=11.96ms min=6.75ms max=31.23ms count=55
D/EGL_emulation(17360): app_time_stats: avg=14.30ms min=5.66ms max=40.64ms count=51
D/EGL_emulation(17360): app_time_stats: avg=23.42ms min=7.36ms max=58.17ms count=38
D/EGL_emulation(17360): app_time_stats: avg=13.74ms min=6.16ms max=31.40ms count=53
D/EGL_emulation(17360): app_time_stats: avg=14.62ms min=6.98ms max=25.59ms count=50
D/EGL_emulation(17360): app_time_stats: avg=15.70ms min=7.76ms max=31.83ms count=47
D/EGL_emulation(17360): app_time_stats: avg=19.25ms min=8.11ms max=33.04ms count=45
D/EGL_emulation(17360): app_time_stats: avg=19.57ms min=6.91ms max=32.61ms count=43
D/EGL_emulation(17360): app_time_stats: avg=17.27ms min=8.36ms max=38.34ms count=28
D/EGL_emulation(17360): app_time_stats: avg=18.86ms min=8.10ms max=37.21ms count=45
D/EGL_emulation(17360): app_time_stats: avg=102343.91ms min=102343.91ms max=102343.91ms count=1
D/EGL_emulation(17360): app_time_stats: avg=72.57ms min=10.51ms max=460.69ms count=14
D/EGL_emulation(17360): app_time_stats: avg=20.32ms min=7.24ms max=38.26ms count=41
D/EGL_emulation(17360): app_time_stats: avg=30.03ms min=6.86ms max=72.54ms count=30
I/haul.b1.v1(17360): Background young concurrent copying GC freed 75360(4829KB) AllocSpace objects, 4(140KB) LOS objects, 42% free, 6889KB/11MB, paused 986us,261us total 394.195ms
D/EGL_emulation(17360): app_time_stats: avg=27.48ms min=7.27ms max=179.10ms count=33
D/EGL_emulation(17360): app_time_stats: avg=18.48ms min=6.76ms max=64.16ms count=43
D/EGL_emulation(17360): app_time_stats: avg=16.87ms min=6.58ms max=41.28ms count=47
D/EGL_emulation(17360): app_time_stats: avg=17.29ms min=7.67ms max=40.40ms count=43
D/EGL_emulation(17360): app_time_stats: avg=20.03ms min=7.07ms max=36.94ms count=42
D/EGL_emulation(17360): app_time_stats: avg=16.80ms min=6.29ms max=44.17ms count=46
D/EGL_emulation(17360): app_time_stats: avg=25.04ms min=6.62ms max=120.85ms count=35
D/EGL_emulation(17360): app_time_stats: avg=9681.54ms min=9681.54ms max=9681.54ms count=1
D/EGL_emulation(17360): app_time_stats: avg=17.41ms min=6.68ms max=104.76ms count=44
D/EGL_emulation(17360): app_time_stats: avg=15.91ms min=6.71ms max=34.68ms count=48
D/EGL_emulation(17360): app_time_stats: avg=21.67ms min=8.00ms max=84.38ms count=37
D/EGL_emulation(17360): app_time_stats: avg=12.54ms min=6.92ms max=24.05ms count=52
D/EGL_emulation(17360): app_time_stats: avg=13.14ms min=7.89ms max=46.13ms count=52
D/EGL_emulation(17360): app_time_stats: avg=13.53ms min=6.55ms max=26.55ms count=54
D/EGL_emulation(17360): app_time_stats: avg=16.83ms min=6.69ms max=35.74ms count=47
D/EGL_emulation(17360): app_time_stats: avg=15.19ms min=7.46ms max=26.27ms count=48
D/EGL_emulation(17360): app_time_stats: avg=13.91ms min=7.75ms max=36.15ms count=52
D/EGL_emulation(17360): app_time_stats: avg=17.73ms min=7.86ms max=35.99ms count=46
D/EGL_emulation(17360): app_time_stats: avg=20.33ms min=7.53ms max=56.37ms count=43
D/EGL_emulation(17360): app_time_stats: avg=18.28ms min=6.56ms max=54.42ms count=46
D/EGL_emulation(17360): app_time_stats: avg=16.77ms min=7.85ms max=67.66ms count=47
D/EGL_emulation(17360): app_time_stats: avg=13.73ms min=6.53ms max=29.31ms count=51
D/EGL_emulation(17360): app_time_stats: avg=12.27ms min=7.18ms max=22.10ms count=54
D/EGL_emulation(17360): app_time_stats: avg=12.91ms min=7.08ms max=25.83ms count=54
D/EGL_emulation(17360): app_time_stats: avg=13.76ms min=6.02ms max=27.26ms count=52
D/EGL_emulation(17360): app_time_stats: avg=13.36ms min=6.77ms max=31.67ms count=53
D/EGL_emulation(17360): app_time_stats: avg=15.12ms min=6.29ms max=86.67ms count=50
D/EGL_emulation(17360): app_time_stats: avg=19.35ms min=7.92ms max=51.92ms count=42
D/EGL_emulation(17360): app_time_stats: avg=15.91ms min=7.94ms max=33.08ms count=45
D/EGL_emulation(17360): app_time_stats: avg=19.52ms min=7.02ms max=69.27ms count=43
D/EGL_emulation(17360): app_time_stats: avg=14.49ms min=6.31ms max=44.38ms count=51
D/EGL_emulation(17360): app_time_stats: avg=13.20ms min=6.21ms max=26.14ms count=51
D/EGL_emulation(17360): app_time_stats: avg=17.92ms min=8.90ms max=34.56ms count=47
D/EGL_emulation(17360): app_time_stats: avg=49.43ms min=10.21ms max=691.64ms count=23
D/EGL_emulation(17360): app_time_stats: avg=18.07ms min=9.00ms max=38.67ms count=42
D/EGL_emulation(17360): app_time_stats: avg=18.47ms min=7.29ms max=36.20ms count=42
D/EGL_emulation(17360): app_time_stats: avg=18.72ms min=8.16ms max=39.91ms count=43
D/EGL_emulation(17360): app_time_stats: avg=18.86ms min=7.76ms max=37.04ms count=41
D/EGL_emulation(17360): app_time_stats: avg=17.53ms min=6.76ms max=43.39ms count=45
D/EGL_emulation(17360): app_time_stats: avg=21.43ms min=6.97ms max=53.55ms count=37
D/EGL_emulation(17360): app_time_stats: avg=13.54ms min=6.05ms max=29.58ms count=51
D/EGL_emulation(17360): app_time_stats: avg=15.11ms min=6.48ms max=30.93ms count=51
D/EGL_emulation(17360): app_time_stats: avg=11.65ms min=5.96ms max=23.71ms count=35
D/EGL_emulation(17360): app_time_stats: avg=73.19ms min=8.37ms max=477.40ms count=13
D/EGL_emulation(17360): app_time_stats: avg=17.62ms min=6.68ms max=42.46ms count=44
D/EGL_emulation(17360): app_time_stats: avg=20.10ms min=8.65ms max=45.97ms count=44
D/EGL_emulation(17360): app_time_stats: avg=12.62ms min=5.67ms max=28.09ms count=55
D/EGL_emulation(17360): app_time_stats: avg=17.68ms min=6.29ms max=80.97ms count=44
D/EGL_emulation(17360): app_time_stats: avg=28.49ms min=7.93ms max=163.70ms count=30
D/EGL_emulation(17360): app_time_stats: avg=19.03ms min=7.72ms max=37.58ms count=41
D/EGL_emulation(17360): app_time_stats: avg=21.92ms min=9.39ms max=37.62ms count=39
D/EGL_emulation(17360): app_time_stats: avg=17.32ms min=7.00ms max=41.95ms count=48
D/EGL_emulation(17360): app_time_stats: avg=15.29ms min=7.59ms max=27.89ms count=49
D/EGL_emulation(17360): app_time_stats: avg=19.22ms min=8.49ms max=88.66ms count=39
D/EGL_emulation(17360): app_time_stats: avg=18.13ms min=7.02ms max=49.26ms count=41
D/EGL_emulation(17360): app_time_stats: avg=24.57ms min=8.00ms max=135.53ms count=33
D/EGL_emulation(17360): app_time_stats: avg=23.79ms min=10.57ms max=57.59ms count=33
D/EGL_emulation(17360): app_time_stats: avg=21.50ms min=10.03ms max=37.67ms count=39
D/EGL_emulation(17360): app_time_stats: avg=34.19ms min=11.25ms max=105.85ms count=25
D/EGL_emulation(17360): app_time_stats: avg=21.79ms min=10.54ms max=41.09ms count=36
D/EGL_emulation(17360): app_time_stats: avg=21.24ms min=11.10ms max=45.15ms count=38
D/EGL_emulation(17360): app_time_stats: avg=24.24ms min=14.03ms max=102.58ms count=38
D/EGL_emulation(17360): app_time_stats: avg=34.52ms min=12.54ms max=112.50ms count=28
D/EGL_emulation(17360): app_time_stats: avg=30.49ms min=12.49ms max=67.89ms count=29
D/EGL_emulation(17360): app_time_stats: avg=22.00ms min=8.93ms max=35.51ms count=37
D/EGL_emulation(17360): app_time_stats: avg=19.28ms min=9.64ms max=38.53ms count=40
D/EGL_emulation(17360): app_time_stats: avg=16.20ms min=8.61ms max=24.92ms count=45
D/EGL_emulation(17360): app_time_stats: avg=18.97ms min=9.10ms max=37.33ms count=44
D/EGL_emulation(17360): app_time_stats: avg=21.60ms min=7.75ms max=70.67ms count=38
D/EGL_emulation(17360): app_time_stats: avg=17.51ms min=7.35ms max=44.82ms count=44
D/EGL_emulation(17360): app_time_stats: avg=21.02ms min=9.40ms max=54.38ms count=40
D/EGL_emulation(17360): app_time_stats: avg=16.56ms min=7.92ms max=34.64ms count=47
D/EGL_emulation(17360): app_time_stats: avg=18.32ms min=9.70ms max=40.11ms count=46
D/EGL_emulation(17360): app_time_stats: avg=16.48ms min=8.29ms max=34.76ms count=48
D/EGL_emulation(17360): app_time_stats: avg=20.46ms min=6.43ms max=40.95ms count=43
D/EGL_emulation(17360): app_time_stats: avg=18.69ms min=7.32ms max=41.21ms count=42
D/EGL_emulation(17360): app_time_stats: avg=14.85ms min=7.55ms max=29.87ms count=51
D/EGL_emulation(17360): app_time_stats: avg=16.51ms min=7.20ms max=48.51ms count=47
D/EGL_emulation(17360): app_time_stats: avg=25.69ms min=8.01ms max=68.26ms count=33
D/EGL_emulation(17360): app_time_stats: avg=15.38ms min=6.83ms max=36.41ms count=50
D/EGL_emulation(17360): app_time_stats: avg=12.86ms min=6.56ms max=26.68ms count=53
D/EGL_emulation(17360): app_time_stats: avg=13.87ms min=7.43ms max=28.20ms count=53
D/EGL_emulation(17360): app_time_stats: avg=16.32ms min=9.46ms max=30.24ms count=47
D/EGL_emulation(17360): app_time_stats: avg=120.23ms min=11.74ms max=1794.44ms count=18
D/EGL_emulation(17360): app_time_stats: avg=78.69ms min=11.84ms max=607.43ms count=11
D/EGL_emulation(17360): app_time_stats: avg=24.17ms min=5.76ms max=68.19ms count=35
D/EGL_emulation(17360): app_time_stats: avg=25.05ms min=4.71ms max=117.85ms count=33
D/EGL_emulation(17360): app_time_stats: avg=24.69ms min=7.62ms max=80.99ms count=35
D/EGL_emulation(17360): app_time_stats: avg=17.07ms min=6.54ms max=47.94ms count=42
D/EGL_emulation(17360): app_time_stats: avg=17.85ms min=7.56ms max=81.75ms count=41
D/EGL_emulation(17360): app_time_stats: avg=19.90ms min=8.28ms max=55.08ms count=39
D/EGL_emulation(17360): app_time_stats: avg=15.45ms min=6.21ms max=31.50ms count=45
D/EGL_emulation(17360): app_time_stats: avg=14.21ms min=6.19ms max=37.56ms count=47
D/EGL_emulation(17360): app_time_stats: avg=18.11ms min=7.15ms max=64.36ms count=38
D/EGL_emulation(17360): app_time_stats: avg=19.57ms min=10.46ms max=37.47ms count=37
D/EGL_emulation(17360): app_time_stats: avg=17.96ms min=6.52ms max=45.83ms count=42
D/EGL_emulation(17360): app_time_stats: avg=25.96ms min=9.91ms max=67.81ms count=31
D/EGL_emulation(17360): app_time_stats: avg=16.15ms min=6.00ms max=32.88ms count=41
D/EGL_emulation(17360): app_time_stats: avg=18.81ms min=5.96ms max=33.54ms count=41
D/EGL_emulation(17360): app_time_stats: avg=19.85ms min=7.00ms max=71.27ms count=38
D/EGL_emulation(17360): app_time_stats: avg=17.41ms min=6.27ms max=84.35ms count=42
D/EGL_emulation(17360): app_time_stats: avg=18.91ms min=7.79ms max=78.96ms count=39
D/EGL_emulation(17360): app_time_stats: avg=22.00ms min=7.14ms max=169.01ms count=37
D/EGL_emulation(17360): app_time_stats: avg=11.25ms min=5.40ms max=22.70ms count=56
D/EGL_emulation(17360): app_time_stats: avg=12.56ms min=6.15ms max=35.38ms count=54
D/EGL_emulation(17360): app_time_stats: avg=12.59ms min=6.06ms max=30.32ms count=54
D/EGL_emulation(17360): app_time_stats: avg=17.34ms min=6.28ms max=53.61ms count=43
D/EGL_emulation(17360): app_time_stats: avg=12.64ms min=6.40ms max=23.07ms count=55
D/EGL_emulation(17360): app_time_stats: avg=11.12ms min=5.38ms max=25.85ms count=58
D/EGL_emulation(17360): app_time_stats: avg=12.34ms min=5.36ms max=22.20ms count=54
D/EGL_emulation(17360): app_time_stats: avg=12.41ms min=6.15ms max=24.07ms count=56
D/EGL_emulation(17360): app_time_stats: avg=12.30ms min=5.19ms max=27.38ms count=54
D/EGL_emulation(17360): app_time_stats: avg=14.25ms min=5.75ms max=52.37ms count=50
D/EGL_emulation(17360): app_time_stats: avg=16.08ms min=7.37ms max=47.18ms count=46
D/EGL_emulation(17360): app_time_stats: avg=14.29ms min=6.31ms max=31.21ms count=51
D/EGL_emulation(17360): app_time_stats: avg=13.11ms min=5.99ms max=29.23ms count=54
D/EGL_emulation(17360): app_time_stats: avg=19.31ms min=6.24ms max=60.46ms count=42
D/EGL_emulation(17360): app_time_stats: avg=15.59ms min=7.97ms max=32.22ms count=48
D/EGL_emulation(17360): app_time_stats: avg=17.06ms min=7.57ms max=32.89ms count=43
D/EGL_emulation(17360): app_time_stats: avg=18.49ms min=9.21ms max=36.73ms count=43
D/EGL_emulation(17360): app_time_stats: avg=19.15ms min=8.62ms max=48.32ms count=43
D/EGL_emulation(17360): app_time_stats: avg=21.91ms min=7.96ms max=50.53ms count=39
D/EGL_emulation(17360): app_time_stats: avg=14.53ms min=5.75ms max=26.83ms count=51
D/EGL_emulation(17360): app_time_stats: avg=14.28ms min=6.26ms max=29.05ms count=51
D/EGL_emulation(17360): app_time_stats: avg=13.27ms min=6.76ms max=27.92ms count=50
D/EGL_emulation(17360): app_time_stats: avg=16.38ms min=6.76ms max=105.22ms count=46
D/EGL_emulation(17360): app_time_stats: avg=18.71ms min=6.58ms max=87.75ms count=43
D/EGL_emulation(17360): app_time_stats: avg=15.72ms min=6.44ms max=32.23ms count=49
D/EGL_emulation(17360): app_time_stats: avg=14.03ms min=6.65ms max=27.33ms count=49
D/EGL_emulation(17360): app_time_stats: avg=15.66ms min=7.77ms max=36.12ms count=50
D/EGL_emulation(17360): app_time_stats: avg=18.13ms min=5.87ms max=35.94ms count=45
D/EGL_emulation(17360): app_time_stats: avg=16.71ms min=7.46ms max=35.42ms count=47
D/EGL_emulation(17360): app_time_stats: avg=13.36ms min=6.85ms max=28.48ms count=52
D/EGL_emulation(17360): app_time_stats: avg=13.49ms min=6.82ms max=28.36ms count=54
D/EGL_emulation(17360): app_time_stats: avg=13.55ms min=6.05ms max=38.09ms count=50
D/EGL_emulation(17360): app_time_stats: avg=23.61ms min=6.97ms max=171.90ms count=35
D/EGL_emulation(17360): app_time_stats: avg=18.37ms min=6.24ms max=90.93ms count=43
D/EGL_emulation(17360): app_time_stats: avg=11.59ms min=6.34ms max=21.96ms count=54
D/EGL_emulation(17360): app_time_stats: avg=14.16ms min=5.97ms max=28.84ms count=49
D/EGL_emulation(17360): app_time_stats: avg=21.89ms min=8.78ms max=44.37ms count=39
D/EGL_emulation(17360): app_time_stats: avg=28.92ms min=11.68ms max=126.84ms count=31
D/EGL_emulation(17360): app_time_stats: avg=26.18ms min=8.93ms max=301.41ms count=31
D/EGL_emulation(17360): app_time_stats: avg=23.65ms min=5.91ms max=74.68ms count=32
D/EGL_emulation(17360): app_time_stats: avg=76.66ms min=8.79ms max=255.03ms count=13
D/EGL_emulation(17360): app_time_stats: avg=24.01ms min=6.52ms max=103.52ms count=32
D/EGL_emulation(17360): app_time_stats: avg=21.43ms min=6.58ms max=54.29ms count=36
D/EGL_emulation(17360): app_time_stats: avg=28.38ms min=7.67ms max=68.10ms count=32
D/EGL_emulation(17360): app_time_stats: avg=24.08ms min=10.23ms max=53.21ms count=35
D/EGL_emulation(17360): app_time_stats: avg=25.29ms min=6.54ms max=61.14ms count=36
D/EGL_emulation(17360): app_time_stats: avg=16.94ms min=6.39ms max=42.41ms count=46
D/EGL_emulation(17360): app_time_stats: avg=12.73ms min=5.45ms max=27.19ms count=54
D/EGL_emulation(17360): app_time_stats: avg=12.10ms min=6.74ms max=30.56ms count=56
D/EGL_emulation(17360): app_time_stats: avg=12.75ms min=6.21ms max=26.80ms count=53
D/EGL_emulation(17360): app_time_stats: avg=17.40ms min=7.68ms max=103.00ms count=44
D/EGL_emulation(17360): app_time_stats: avg=20.64ms min=6.33ms max=425.79ms count=51
D/EGL_emulation(17360): app_time_stats: avg=99.56ms min=7.27ms max=296.71ms count=6
D/EGL_emulation(17360): app_time_stats: avg=26.56ms min=8.88ms max=68.04ms count=30
D/EGL_emulation(17360): app_time_stats: avg=18.44ms min=6.58ms max=76.13ms count=41
D/EGL_emulation(17360): app_time_stats: avg=17.29ms min=6.93ms max=37.26ms count=41
D/EGL_emulation(17360): app_time_stats: avg=19.05ms min=10.72ms max=47.44ms count=41
D/EGL_emulation(17360): app_time_stats: avg=17.52ms min=8.21ms max=37.97ms count=41
D/EGL_emulation(17360): app_time_stats: avg=21.21ms min=8.24ms max=49.48ms count=40
D/EGL_emulation(17360): app_time_stats: avg=38.57ms min=10.23ms max=328.29ms count=30
D/EGL_emulation(17360): app_time_stats: avg=109.31ms min=17.99ms max=767.94ms count=10
D/EGL_emulation(17360): app_time_stats: avg=83.64ms min=16.00ms max=238.00ms count=12
D/EGL_emulation(17360): app_time_stats: avg=27.67ms min=7.73ms max=89.97ms count=29
D/EGL_emulation(17360): app_time_stats: avg=19.97ms min=7.57ms max=49.83ms count=40
D/EGL_emulation(17360): app_time_stats: avg=16.76ms min=7.67ms max=32.63ms count=43
D/EGL_emulation(17360): app_time_stats: avg=16.01ms min=6.86ms max=47.85ms count=38
D/EGL_emulation(17360): app_time_stats: avg=19.05ms min=6.66ms max=53.90ms count=36
W/haul.b1.v1(17360): Verification of void io.grpc.internal.GrpcUtil$Http2Error.<clinit>() took 370.052ms (613.43 bytecodes/s) (4112B approximate peak alloc)
D/EGL_emulation(17360): app_time_stats: avg=23.57ms min=5.37ms max=56.80ms count=29
W/haul.b1.v1(17360): Verification of void io.grpc.internal.InternalSubchannel$TransportListener$2.run() took 295.666ms (564.83 bytecodes/s) (4072B approximate peak alloc)
W/haul.b1.v1(17360): Verification of void io.grpc.internal.PickFirstLoadBalancer$RequestConnectionPicker.<init>(io.grpc.internal.PickFirstLoadBalancer, io.grpc.LoadBalancer$Subchannel) took 137.234ms (182.17 bytecodes/s) (1896B approximate peak alloc)
D/EGL_emulation(17360): app_time_stats: avg=17.89ms min=6.63ms max=49.52ms count=34
W/haul.b1.v1(17360): Verification of io.grpc.LoadBalancer$PickResult io.grpc.internal.PickFirstLoadBalancer$RequestConnectionPicker.pickSubchannel(io.grpc.LoadBalancer$PickSubchannelArgs) took 1.384s (23.84 bytecodes/s) (2232B approximate peak alloc)
D/EGL_emulation(17360): app_time_stats: avg=13.12ms min=6.36ms max=49.86ms count=36
D/EGL_emulation(17360): app_time_stats: avg=23.28ms min=6.93ms max=110.95ms count=26
W/haul.b1.v1(17360): Verification of void io.grpc.okhttp.AsyncSink$3.run() took 154.684ms (814.56 bytecodes/s) (3776B approximate peak alloc)
D/EGL_emulation(17360): app_time_stats: avg=34.45ms min=6.76ms max=85.96ms count=21
D/TrafficStats(17360): tagSocket(129) with statsTag=0xffffffff, statsUid=-1
D/EGL_emulation(17360): app_time_stats: avg=20.68ms min=5.99ms max=76.91ms count=33
D/EGL_emulation(17360): app_time_stats: avg=26.53ms min=5.78ms max=69.95ms count=27
D/EGL_emulation(17360): app_time_stats: avg=19.76ms min=6.47ms max=71.09ms count=36
D/EGL_emulation(17360): app_time_stats: avg=17.18ms min=6.19ms max=98.36ms count=29
D/EGL_emulation(17360): app_time_stats: avg=14.42ms min=6.71ms max=34.91ms count=43
D/EGL_emulation(17360): app_time_stats: avg=15.21ms min=6.57ms max=41.21ms count=43
D/EGL_emulation(17360): app_time_stats: avg=33.08ms min=7.52ms max=80.74ms count=25
D/EGL_emulation(17360): app_time_stats: avg=42.67ms min=8.54ms max=175.84ms count=20
D/EGL_emulation(17360): app_time_stats: avg=19.09ms min=7.08ms max=148.79ms count=41
D/EGL_emulation(17360): app_time_stats: avg=24.43ms min=8.89ms max=140.93ms count=34
D/EGL_emulation(17360): app_time_stats: avg=21.93ms min=7.93ms max=132.77ms count=37
D/EGL_emulation(17360): app_time_stats: avg=14.44ms min=6.59ms max=48.29ms count=48
D/EGL_emulation(17360): app_time_stats: avg=13.41ms min=6.80ms max=27.33ms count=53
D/EGL_emulation(17360): app_time_stats: avg=13.03ms min=6.74ms max=45.78ms count=52
D/EGL_emulation(17360): app_time_stats: avg=13.81ms min=7.51ms max=39.54ms count=52
D/EGL_emulation(17360): app_time_stats: avg=13.74ms min=6.93ms max=28.59ms count=50
D/EGL_emulation(17360): app_time_stats: avg=18.56ms min=6.49ms max=145.20ms count=40
D/EGL_emulation(17360): app_time_stats: avg=27.35ms min=7.33ms max=130.78ms count=31
D/EGL_emulation(17360): app_time_stats: avg=67.74ms min=8.21ms max=161.60ms count=14
D/EGL_emulation(17360): app_time_stats: avg=26.98ms min=8.38ms max=157.37ms count=29
D/EGL_emulation(17360): app_time_stats: avg=41.79ms min=8.99ms max=134.41ms count=22
D/EGL_emulation(17360): app_time_stats: avg=144.85ms min=46.23ms max=293.75ms count=8
D/EGL_emulation(17360): app_time_stats: avg=63.01ms min=8.73ms max=175.01ms count=15
D/EGL_emulation(17360): app_time_stats: avg=34.74ms min=7.17ms max=152.60ms count=26
D/EGL_emulation(17360): app_time_stats: avg=20.70ms min=6.40ms max=72.28ms count=34
D/EGL_emulation(17360): app_time_stats: avg=12.76ms min=7.25ms max=26.07ms count=53
D/EGL_emulation(17360): app_time_stats: avg=13.58ms min=6.75ms max=27.04ms count=53
D/EGL_emulation(17360): app_time_stats: avg=25.11ms min=6.69ms max=121.63ms count=36
D/EGL_emulation(17360): app_time_stats: avg=38.76ms min=7.60ms max=158.28ms count=23
D/EGL_emulation(17360): app_time_stats: avg=19.47ms min=7.52ms max=48.24ms count=38
D/EGL_emulation(17360): app_time_stats: avg=19.17ms min=8.10ms max=59.19ms count=40
D/EGL_emulation(17360): app_time_stats: avg=16.98ms min=10.58ms max=32.73ms count=43
D/EGL_emulation(17360): app_time_stats: avg=13.64ms min=6.57ms max=31.47ms count=56
D/EGL_emulation(17360): app_time_stats: avg=19.40ms min=7.18ms max=74.24ms count=39
D/EGL_emulation(17360): app_time_stats: avg=66.84ms min=17.58ms max=149.55ms count=12
D/EGL_emulation(17360): app_time_stats: avg=28.82ms min=9.32ms max=93.79ms count=23
D/EGL_emulation(17360): app_time_stats: avg=21.62ms min=8.21ms max=46.35ms count=35
D/EGL_emulation(17360): app_time_stats: avg=20.52ms min=10.48ms max=56.44ms count=41
D/EGL_emulation(17360): app_time_stats: avg=20.04ms min=7.16ms max=56.98ms count=41
D/EGL_emulation(17360): app_time_stats: avg=14.26ms min=5.42ms max=26.57ms count=51
D/EGL_emulation(17360): app_time_stats: avg=13.97ms min=6.51ms max=29.24ms count=53
D/EGL_emulation(17360): app_time_stats: avg=17.73ms min=7.46ms max=53.39ms count=44
D/EGL_emulation(17360): app_time_stats: avg=21.32ms min=7.99ms max=52.17ms count=37
D/EGL_emulation(17360): app_time_stats: avg=16.46ms min=6.83ms max=32.33ms count=46
D/EGL_emulation(17360): app_time_stats: avg=16.46ms min=6.31ms max=29.10ms count=47
D/EGL_emulation(17360): app_time_stats: avg=16.07ms min=8.02ms max=27.50ms count=46
D/EGL_emulation(17360): app_time_stats: avg=16.36ms min=6.91ms max=30.82ms count=46
D/EGL_emulation(17360): app_time_stats: avg=17.03ms min=8.40ms max=35.54ms count=43
D/EGL_emulation(17360): app_time_stats: avg=26.14ms min=7.44ms max=88.29ms count=32
D/EGL_emulation(17360): app_time_stats: avg=18.61ms min=7.75ms max=34.25ms count=43
D/EGL_emulation(17360): app_time_stats: avg=15.43ms min=7.18ms max=29.81ms count=47
D/EGL_emulation(17360): app_time_stats: avg=16.71ms min=7.20ms max=40.13ms count=45
D/EGL_emulation(17360): app_time_stats: avg=14.75ms min=6.44ms max=25.02ms count=48
D/EGL_emulation(17360): app_time_stats: avg=17.07ms min=7.67ms max=36.78ms count=43
D/EGL_emulation(17360): app_time_stats: avg=17.12ms min=7.22ms max=43.77ms count=44
D/EGL_emulation(17360): app_time_stats: avg=15.32ms min=6.84ms max=28.84ms count=49
D/EGL_emulation(17360): app_time_stats: avg=20.82ms min=8.94ms max=51.35ms count=42
D/EGL_emulation(17360): app_time_stats: avg=21.82ms min=11.12ms max=49.57ms count=33
D/EGL_emulation(17360): app_time_stats: avg=55.17ms min=22.26ms max=133.10ms count=17
D/EGL_emulation(17360): app_time_stats: avg=28.68ms min=6.11ms max=69.41ms count=24
D/EGL_emulation(17360): app_time_stats: avg=33.83ms min=12.67ms max=114.08ms count=26
D/EGL_emulation(17360): app_time_stats: avg=21.21ms min=12.16ms max=44.42ms count=35
D/EGL_emulation(17360): app_time_stats: avg=19.03ms min=9.16ms max=39.42ms count=41
D/EGL_emulation(17360): app_time_stats: avg=20.79ms min=10.47ms max=53.45ms count=38
D/EGL_emulation(17360): app_time_stats: avg=16.52ms min=6.92ms max=47.21ms count=37
D/EGL_emulation(17360): app_time_stats: avg=49.47ms min=5.59ms max=437.83ms count=21
D/EGL_emulation(17360): app_time_stats: avg=58.93ms min=8.67ms max=180.26ms count=13
D/EGL_emulation(17360): app_time_stats: avg=50.33ms min=16.21ms max=102.36ms count=19
D/EGL_emulation(17360): app_time_stats: avg=18.35ms min=7.89ms max=34.91ms count=32
D/EGL_emulation(17360): app_time_stats: avg=18.25ms min=8.10ms max=38.61ms count=40
D/EGL_emulation(17360): app_time_stats: avg=37.88ms min=6.54ms max=676.69ms count=30
D/EGL_emulation(17360): app_time_stats: avg=32.15ms min=8.51ms max=256.12ms count=27
D/EGL_emulation(17360): app_time_stats: avg=17.35ms min=6.77ms max=42.49ms count=42
D/EGL_emulation(17360): app_time_stats: avg=20.71ms min=7.47ms max=49.68ms count=38
D/EGL_emulation(17360): app_time_stats: avg=24.52ms min=8.76ms max=49.44ms count=32
D/EGL_emulation(17360): app_time_stats: avg=26.78ms min=9.68ms max=60.72ms count=31
D/EGL_emulation(17360): app_time_stats: avg=51.46ms min=12.55ms max=105.20ms count=16
D/EGL_emulation(17360): app_time_stats: avg=20.73ms min=9.71ms max=31.64ms count=40
D/EGL_emulation(17360): app_time_stats: avg=22.65ms min=10.69ms max=66.52ms count=36
D/EGL_emulation(17360): app_time_stats: avg=163.30ms min=14.43ms max=1593.19ms count=12
E/Fence   (17360): waitForever: Throttling EGL Production: fence 158 didn't signal in 3000 ms
I/Fence   (17360): waitForever: fence(sw_sync-goldfish_sync:2222-1312) status(1)
I/Fence   (17360): waitForever: sync point: timeline(goldfish_sync:22) drv(sw_sync) status(1) timestamp(9235.662106)
D/EGL_emulation(17360): app_time_stats: avg=3851.72ms min=3851.72ms max=3851.72ms count=1
D/EGL_emulation(17360): app_time_stats: avg=30.53ms min=11.19ms max=82.18ms count=14
D/EGL_emulation(17360): app_time_stats: avg=71.51ms min=7.93ms max=266.23ms count=14
D/EGL_emulation(17360): app_time_stats: avg=47.09ms min=6.45ms max=332.15ms count=19
D/EGL_emulation(17360): app_time_stats: avg=29.71ms min=7.07ms max=66.90ms count=30
D/EGL_emulation(17360): app_time_stats: avg=28.58ms min=7.19ms max=109.20ms count=28
D/EGL_emulation(17360): app_time_stats: avg=30.80ms min=7.45ms max=59.48ms count=29
D/EGL_emulation(17360): app_time_stats: avg=25.37ms min=6.79ms max=58.51ms count=34
D/EGL_emulation(17360): app_time_stats: avg=16.86ms min=6.93ms max=37.16ms count=46
D/EGL_emulation(17360): app_time_stats: avg=13.38ms min=6.44ms max=33.16ms count=49
D/EGL_emulation(17360): app_time_stats: avg=18.14ms min=6.15ms max=39.07ms count=43
D/EGL_emulation(17360): app_time_stats: avg=27.38ms min=7.66ms max=163.73ms count=32
D/EGL_emulation(17360): app_time_stats: avg=43.67ms min=11.32ms max=94.25ms count=23
D/EGL_emulation(17360): app_time_stats: avg=35.82ms min=8.67ms max=57.87ms count=27
D/EGL_emulation(17360): app_time_stats: avg=30.14ms min=5.16ms max=58.78ms count=30
D/EGL_emulation(17360): app_time_stats: avg=21.94ms min=7.09ms max=46.63ms count=38
D/EGL_emulation(17360): app_time_stats: avg=12.93ms min=6.14ms max=29.33ms count=52
D/EGL_emulation(17360): app_time_stats: avg=15.27ms min=6.47ms max=29.39ms count=46
D/EGL_emulation(17360): app_time_stats: avg=18.34ms min=7.39ms max=65.37ms count=45
D/EGL_emulation(17360): app_time_stats: avg=12.79ms min=6.16ms max=27.36ms count=56
D/EGL_emulation(17360): app_time_stats: avg=12.66ms min=6.00ms max=28.70ms count=54
D/EGL_emulation(17360): app_time_stats: avg=21.45ms min=6.16ms max=77.05ms count=39
D/EGL_emulation(17360): app_time_stats: avg=20.57ms min=6.58ms max=51.89ms count=42
D/EGL_emulation(17360): app_time_stats: avg=11.94ms min=5.68ms max=26.26ms count=52
D/EGL_emulation(17360): app_time_stats: avg=9.67ms min=5.67ms max=24.06ms count=61
D/EGL_emulation(17360): app_time_stats: avg=13.48ms min=5.75ms max=60.80ms count=50
D/EGL_emulation(17360): app_time_stats: avg=11.57ms min=5.58ms max=23.67ms count=56
D/EGL_emulation(17360): app_time_stats: avg=12.13ms min=6.31ms max=27.20ms count=55
D/EGL_emulation(17360): app_time_stats: avg=13.62ms min=5.89ms max=28.13ms count=53
D/EGL_emulation(17360): app_time_stats: avg=11.45ms min=5.55ms max=29.73ms count=57
D/EGL_emulation(17360): app_time_stats: avg=12.16ms min=5.87ms max=27.77ms count=55
D/EGL_emulation(17360): app_time_stats: avg=21.07ms min=5.85ms max=87.11ms count=40
D/EGL_emulation(17360): app_time_stats: avg=15.74ms min=6.08ms max=70.36ms count=48
D/EGL_emulation(17360): app_time_stats: avg=11.62ms min=5.27ms max=32.72ms count=53
D/EGL_emulation(17360): app_time_stats: avg=12.46ms min=5.77ms max=31.72ms count=54
D/EGL_emulation(17360): app_time_stats: avg=14.09ms min=6.87ms max=28.86ms count=53
D/EGL_emulation(17360): app_time_stats: avg=13.76ms min=5.61ms max=32.96ms count=51
D/EGL_emulation(17360): app_time_stats: avg=15.73ms min=6.27ms max=73.15ms count=47
